<?xml version="1.0" encoding="UTF-8"?>
<testng-results ignored="0" total="5" passed="4" failed="1" skipped="0">
  <reporter-output>
  </reporter-output>
  <suite started-at="2020-04-12T23:13:25Z" name="Failed suite [InetBankingV1]" finished-at="2020-04-12T23:16:31Z" duration-ms="185720">
    <groups>
    </groups>
    <test started-at="2020-04-12T23:13:25Z" name="BankingApp Test(failed)" finished-at="2020-04-12T23:16:31Z" duration-ms="185720">
      <class name="com.inetbanking.testCases.TC_LoginDDT_002">
        <test-method is-config="true" signature="setup(java.lang.String)[pri:0, instance:com.inetbanking.testCases.TC_LoginDDT_002@c86b9e3]" started-at="2020-04-12T23:13:26Z" name="setup" finished-at="2020-04-12T23:14:17Z" duration-ms="51620" status="PASS">
          <params>
            <param index="0">
              <value>
                <![CDATA[firefox]]>
              </value>
            </param>
          </params>
          <reporter-output>
          </reporter-output>
        </test-method> <!-- setup -->
        <test-method signature="loginDDT(java.lang.String, java.lang.String)[pri:0, instance:com.inetbanking.testCases.TC_LoginDDT_002@c86b9e3]" started-at="2020-04-12T23:14:22Z" name="loginDDT" data-provider="LoginData" finished-at="2020-04-12T23:14:53Z" duration-ms="31320" status="PASS">
          <params>
            <param index="0">
              <value>
                <![CDATA[mngr254072]]>
              </value>
            </param>
            <param index="1">
              <value>
                <![CDATA[vemAmep]]>
              </value>
            </param>
          </params>
          <reporter-output>
          </reporter-output>
        </test-method> <!-- loginDDT -->
        <test-method signature="loginDDT(java.lang.String, java.lang.String)[pri:0, instance:com.inetbanking.testCases.TC_LoginDDT_002@c86b9e3]" started-at="2020-04-12T23:14:53Z" name="loginDDT" data-provider="LoginData" finished-at="2020-04-12T23:15:21Z" duration-ms="27970" status="PASS">
          <params>
            <param index="0">
              <value>
                <![CDATA[mngr254072]]>
              </value>
            </param>
            <param index="1">
              <value>
                <![CDATA[vemAmep]]>
              </value>
            </param>
          </params>
          <reporter-output>
          </reporter-output>
        </test-method> <!-- loginDDT -->
        <test-method signature="loginDDT(java.lang.String, java.lang.String)[pri:0, instance:com.inetbanking.testCases.TC_LoginDDT_002@c86b9e3]" started-at="2020-04-12T23:15:21Z" name="loginDDT" data-provider="LoginData" finished-at="2020-04-12T23:15:48Z" duration-ms="26657" status="PASS">
          <params>
            <param index="0">
              <value>
                <![CDATA[mngr254141]]>
              </value>
            </param>
            <param index="1">
              <value>
                <![CDATA[mEbEqej]]>
              </value>
            </param>
          </params>
          <reporter-output>
          </reporter-output>
        </test-method> <!-- loginDDT -->
        <test-method signature="loginDDT(java.lang.String, java.lang.String)[pri:0, instance:com.inetbanking.testCases.TC_LoginDDT_002@c86b9e3]" started-at="2020-04-12T23:15:48Z" name="loginDDT" data-provider="LoginData" finished-at="2020-04-12T23:16:14Z" duration-ms="26692" status="PASS">
          <params>
            <param index="0">
              <value>
                <![CDATA[mngr254072]]>
              </value>
            </param>
            <param index="1">
              <value>
                <![CDATA[vemAmep]]>
              </value>
            </param>
          </params>
          <reporter-output>
          </reporter-output>
        </test-method> <!-- loginDDT -->
        <test-method signature="loginDDT(java.lang.String, java.lang.String)[pri:0, instance:com.inetbanking.testCases.TC_LoginDDT_002@c86b9e3]" started-at="2020-04-12T23:16:14Z" name="loginDDT" data-provider="LoginData" finished-at="2020-04-12T23:16:23Z" duration-ms="8609" status="FAIL">
          <params>
            <param index="0">
              <value>
                <![CDATA[mngr254072123]]>
              </value>
            </param>
            <param index="1">
              <value>
                <![CDATA[vemAmep123]]>
              </value>
            </param>
          </params>
          <exception class="java.lang.AssertionError">
            <message>
              <![CDATA[expected [true] but found [false]]]>
            </message>
            <full-stacktrace>
              <![CDATA[java.lang.AssertionError: expected [true] but found [false]
at org.testng.Assert.fail(Assert.java:96)
at org.testng.Assert.failNotEquals(Assert.java:776)
at org.testng.Assert.assertTrue(Assert.java:44)
at org.testng.Assert.assertTrue(Assert.java:54)
at com.inetbanking.testCases.TC_LoginDDT_002.loginDDT(TC_LoginDDT_002.java:32)
at java.base/jdk.internal.reflect.NativeMethodAccessorImpl.invoke0(Native Method)
at java.base/jdk.internal.reflect.NativeMethodAccessorImpl.invoke(NativeMethodAccessorImpl.java:62)
at java.base/jdk.internal.reflect.DelegatingMethodAccessorImpl.invoke(DelegatingMethodAccessorImpl.java:43)
at java.base/java.lang.reflect.Method.invoke(Method.java:566)
at org.testng.internal.MethodInvocationHelper.invokeMethod(MethodInvocationHelper.java:124)
at org.testng.internal.Invoker.invokeMethod(Invoker.java:583)
at org.testng.internal.Invoker.invokeTestMethod(Invoker.java:719)
at org.testng.internal.Invoker.invokeTestMethods(Invoker.java:989)
at org.testng.internal.TestMethodWorker.invokeTestMethods(TestMethodWorker.java:125)
at org.testng.internal.TestMethodWorker.run(TestMethodWorker.java:109)
at org.testng.TestRunner.privateRun(TestRunner.java:648)
at org.testng.TestRunner.run(TestRunner.java:505)
at org.testng.SuiteRunner.runTest(SuiteRunner.java:455)
at org.testng.SuiteRunner.runSequentially(SuiteRunner.java:450)
at org.testng.SuiteRunner.privateRun(SuiteRunner.java:415)
at org.testng.SuiteRunner.run(SuiteRunner.java:364)
at org.testng.SuiteRunnerWorker.runSuite(SuiteRunnerWorker.java:52)
at org.testng.SuiteRunnerWorker.run(SuiteRunnerWorker.java:84)
at org.testng.TestNG.runSuitesSequentially(TestNG.java:1208)
at org.testng.TestNG.runSuitesLocally(TestNG.java:1137)
at org.testng.TestNG.runSuites(TestNG.java:1049)
at org.testng.TestNG.run(TestNG.java:1017)
at org.testng.remote.AbstractRemoteTestNG.run(AbstractRemoteTestNG.java:115)
at org.testng.remote.RemoteTestNG.initAndRun(RemoteTestNG.java:251)
at org.testng.remote.RemoteTestNG.main(RemoteTestNG.java:77)
]]>
            </full-stacktrace>
          </exception> <!-- java.lang.AssertionError -->
          <reporter-output>
          </reporter-output>
        </test-method> <!-- loginDDT -->
        <test-method is-config="true" signature="tearDown()[pri:0, instance:com.inetbanking.testCases.TC_LoginDDT_002@c86b9e3]" started-at="2020-04-12T23:16:23Z" name="tearDown" finished-at="2020-04-12T23:16:31Z" duration-ms="8141" status="PASS">
          <reporter-output>
          </reporter-output>
        </test-method> <!-- tearDown -->
      </class> <!-- com.inetbanking.testCases.TC_LoginDDT_002 -->
    </test> <!-- BankingApp Test(failed) -->
  </suite> <!-- Failed suite [InetBankingV1] -->
</testng-results>
